CRITICAL - 2024-11-25 10:12:10 --> ErrorException: Trait "App\Controllers\App\Models\IncidentModel" not found
[Method: GET, Route: liste_users]
in APPPATH\Controllers\Home.php on line 6.
 1 [internal function]: CodeIgniter\Debug\Exceptions->shutdownHandler()
CRITICAL - 2024-11-25 10:12:13 --> ErrorException: Trait "App\Controllers\App\Models\IncidentModel" not found
[Method: GET, Route: tables]
in APPPATH\Controllers\Home.php on line 6.
 1 [internal function]: CodeIgniter\Debug\Exceptions->shutdownHandler()
CRITICAL - 2024-11-25 10:12:54 --> ErrorException: Trait "App\Controllers\App\Models\IncidentModel" not found
[Method: GET, Route: /]
in APPPATH\Controllers\Home.php on line 6.
 1 [internal function]: CodeIgniter\Debug\Exceptions->shutdownHandler()
CRITICAL - 2024-11-25 10:13:09 --> ErrorException: Trait "App\Controllers\App\Models\IncidentModel" not found
[Method: GET, Route: sign_up_user]
in APPPATH\Controllers\Home.php on line 6.
 1 [internal function]: CodeIgniter\Debug\Exceptions->shutdownHandler()
CRITICAL - 2024-11-25 11:29:39 --> ErrorException: Cannot redeclare App\Controllers\Home::sign_up_user()
[Method: GET, Route: sign_up_user]
in APPPATH\Controllers\Home.php on line 79.
 1 [internal function]: CodeIgniter\Debug\Exceptions->shutdownHandler()
